<?xml version="1.0" encoding="UTF-8"?>
<testng-results total="1" passed="1" failed="0" skipped="0">
  <reporter-output>
  </reporter-output>
  <suite started-at="2024-02-02T07:20:27Z" name="New_FrameWork" finished-at="2024-02-02T07:21:43Z" duration-ms="76419">
    <groups>
    </groups>
    <test started-at="2024-02-02T07:20:27Z" name="BankingApp Test" finished-at="2024-02-02T07:21:43Z" duration-ms="76419">
      <class name="com.framework.testCases.TC_EzyThemes_02">
        <test-method is-config="true" signature="setUp(java.lang.String)[pri:0, instance:com.framework.testCases.TC_EzyThemes_02@346d61be]" started-at="2024-02-02T12:50:27Z" name="setUp" finished-at="2024-02-02T12:50:31Z" duration-ms="3797" status="PASS">
          <params>
            <param index="0">
              <value>
                <![CDATA[chrome]]>
              </value>
            </param>
          </params>
          <reporter-output>
          </reporter-output>
        </test-method> <!-- setUp -->
        <test-method signature="ezyThemes()[pri:0, instance:com.framework.testCases.TC_EzyThemes_02@346d61be]" started-at="2024-02-02T12:50:31Z" name="ezyThemes" finished-at="2024-02-02T12:51:43Z" duration-ms="72274" status="PASS">
          <reporter-output>
          </reporter-output>
        </test-method> <!-- ezyThemes -->
        <test-method is-config="true" signature="tearDown()[pri:0, instance:com.framework.testCases.TC_EzyThemes_02@346d61be]" started-at="2024-02-02T12:51:43Z" name="tearDown" finished-at="2024-02-02T12:51:43Z" duration-ms="186" status="PASS">
          <reporter-output>
          </reporter-output>
        </test-method> <!-- tearDown -->
      </class> <!-- com.framework.testCases.TC_EzyThemes_02 -->
    </test> <!-- BankingApp Test -->
  </suite> <!-- New_FrameWork -->
</testng-results>
